Configuring gloss-juicy-0.2.2...
Building gloss-juicy-0.2.2...
Preprocessing library gloss-juicy-0.2.2...
[1 of 1] Compiling Graphics.Gloss.Juicy ( Graphics/Gloss/Juicy.hs, dist/dist-sandbox-7aa8ad0d/build/Graphics/Gloss/Juicy.o )

Graphics/Gloss/Juicy.hs:40:70: Warning:
    This binding for ‘id’ shadows the existing binding
      imported from ‘Prelude’ at Graphics/Gloss/Juicy.hs:1:8-27
      (and originally defined in ‘GHC.Base’)

Graphics/Gloss/Juicy.hs:30:1: Warning:
    Pattern match(es) are non-exhaustive
    In an equation for ‘fromDynamicImage’:
        Patterns not matched:
            ImageY16 _
            ImageYA16 _
            ImageRGB16 _
            ImageRGBA16 _
            ...
In-place registering gloss-juicy-0.2.2...
Preprocessing executable 'gloss-juicy-viewer' for gloss-juicy-0.2.2...
[1 of 2] Compiling Graphics.Gloss.Juicy ( Graphics/Gloss/Juicy.hs, dist/dist-sandbox-7aa8ad0d/build/gloss-juicy-viewer/gloss-juicy-viewer-tmp/Graphics/Gloss/Juicy.o )

Graphics/Gloss/Juicy.hs:40:70: Warning:
    This binding for ‘id’ shadows the existing binding
      imported from ‘Prelude’ at Graphics/Gloss/Juicy.hs:1:8-27
      (and originally defined in ‘GHC.Base’)

Graphics/Gloss/Juicy.hs:30:1: Warning:
    Pattern match(es) are non-exhaustive
    In an equation for ‘fromDynamicImage’:
        Patterns not matched:
            ImageY16 _
            ImageYA16 _
            ImageRGB16 _
            ImageRGBA16 _
            ...
[2 of 2] Compiling Main             ( gloss-juicy.hs, dist/dist-sandbox-7aa8ad0d/build/gloss-juicy-viewer/gloss-juicy-viewer-tmp/Main.o )

gloss-juicy.hs:9:1: Warning: Tab character

gloss-juicy.hs:10:1: Warning: Tab character

gloss-juicy.hs:11:1: Warning: Tab character

gloss-juicy.hs:12:1: Warning: Tab character
Linking dist/dist-sandbox-7aa8ad0d/build/gloss-juicy-viewer/gloss-juicy-viewer ...
Creating package registration file:
/tmp/pkgConf-gloss-juicy-0.213651805401540383426.2
Installing library in
/home/nemanja/FAX/FP/asteroid-run/.cabal-sandbox/lib/x86_64-linux-ghc-7.10.3/gloss-juicy-0.2.2-JFbVC362ZFhLCB1LVi5sqx
Installing executable(s) in
/home/nemanja/FAX/FP/asteroid-run/.cabal-sandbox/bin
Registering gloss-juicy-0.2.2...
